INFO:root:Found file /home/oscap/content/controls/anssi.yml
INFO:root:Found file /home/oscap/content/controls/cis_alinux2.yml
INFO:root:Found file /home/oscap/content/controls/cis_alinux3.yml
INFO:root:Found file /home/oscap/content/controls/cis_eks.yml
INFO:root:Found file /home/oscap/content/controls/cis_ocp_1_3_0.yml
INFO:root:Found file /home/oscap/content/controls/cis_rhel7.yml
INFO:root:Found file /home/oscap/content/controls/cis_rhel8.yml
INFO:root:Found file /home/oscap/content/controls/cis_rhel9.yml
INFO:root:Found file /home/oscap/content/controls/cis_sle12.yml
INFO:root:Found file /home/oscap/content/controls/cis_sle15.yml
INFO:root:Found file /home/oscap/content/controls/nist_ansibletower.yml
INFO:root:Found file /home/oscap/content/controls/nist_ocp4.yml
INFO:root:Found file /home/oscap/content/controls/nist_rhacm.yml
INFO:root:Found file /home/oscap/content/controls/nist_rhcos4.yml
INFO:root:Found file /home/oscap/content/controls/nist_rhidm.yml
INFO:root:Found file /home/oscap/content/controls/nist_satellite6.yml
INFO:root:Found file /home/oscap/content/controls/pcidss_3.yml
INFO:root:Found file /home/oscap/content/controls/pcidss_4.yml
INFO:root:Found file /home/oscap/content/controls/pcidss_ocp4.yml
INFO:root:Found file /home/oscap/content/controls/srg_ctr.yml
INFO:root:Found file /home/oscap/content/controls/srg_gpos.yml
